Arguments: 
  /usr/local/bin/node /Users/anon/.nvm/versions/node/v18.14.0/bin/yarn add —dev hardhat

PATH: 
  /Library/Frameworks/Python.framework/Versions/3.11/bin:/opt/homebrew/bin:/usr/local/bin:/usr/local/bin:/Users/anon/.nvm/versions/node/v18.14.0/bin:/Library/Frameworks/Python.framework/Versions/3.11/bin:/opt/homebrew/bin:/opt/homebrew/sbin:/usr/local/bin:/System/Cryptexes/App/usr/bin:/usr/bin:/bin:/usr/sbin:/sbin:/Library/Frameworks/Python.framework/Versions/3.11/bin/python3:/Library/Frameworks/Python.framework/Versions/3.11/bin:/opt/homebrew/bin:/Users/anon/.nvm/versions/node/v18.14.0/bin:/opt/homebrew/sbin:/Users/anon/Library/Python/3.11/bin:/Users/anon/Library/Python/3.11/bin

Yarn version: 
  1.22.19

Node version: 
  18.16.0

Platform: 
  darwin arm64

Trace: 
  TypeError [ERR_UNESCAPED_CHARACTERS]: https://registry.yarnpkg.com/—dev: Request path contains unescaped characters
      at new NodeError (node:internal/errors:399:5)
      at new ClientRequest (node:_http_client:184:13)
      at Object.request (node:https:360:10)
      at module.exports.Request.start (/Users/anon/.nvm/versions/node/v18.14.0/lib/node_modules/yarn/lib/cli.js:141452:32)
      at module.exports.Request.end (/Users/anon/.nvm/versions/node/v18.14.0/lib/node_modules/yarn/lib/cli.js:142211:10)
      at end (/Users/anon/.nvm/versions/node/v18.14.0/lib/node_modules/yarn/lib/cli.js:141265:14)
      at Immediate.<anonymous> (/Users/anon/.nvm/versions/node/v18.14.0/lib/node_modules/yarn/lib/cli.js:141279:7)
      at process.processImmediate (node:internal/timers:476:21)

npm manifest: 
  {
    "name": "week3-tokenized-ballot",
    "version": "1.0.0",
    "main": "index.js",
    "license": "MIT"
  }

yarn manifest: 
  No manifest

Lockfile: 
  No lockfile
